<?xml version="1.0" encoding="UTF-8"?>
<!-- Generated by org.testng.reporters.JUnitReportReporter -->
<testsuite skipped="0" hostname="LAPTOP-U8CM5F9C" name="testNg_grouping_IN_testNg.TestNG_Grouping_EX1" tests="1" failures="0" timestamp="2021-04-01T01:03:12 IST" time="0.030" errors="0">
  <testcase name="tC3" time="0.030" classname="testNg_grouping_IN_testNg.TestNG_Grouping_EX1"/>
  <system-out>
running tc 3  </system-out>
</testsuite> <!-- testNg_grouping_IN_testNg.TestNG_Grouping_EX1 -->
