<?xml version="1.0" encoding="UTF-8"?>
<!-- Generated by org.testng.reporters.JUnitReportReporter -->
<testsuite skipped="0" hostname="LAPTOP-U8CM5F9C" name="TestNG_Disable_suites_methods.TestNG_disable_Testsuite_Tc_EX1" tests="2" failures="0" timestamp="2021-03-31T23:58:26 IST" time="0.044" errors="0">
  <testcase name="tC3" time="0.000" classname="TestNG_Disable_suites_methods.TestNG_disable_Testsuite_Tc_EX1"/>
  <system-out>
running tc 3  </system-out>
  <testcase name="tC2" time="0.044" classname="TestNG_Disable_suites_methods.TestNG_disable_Testsuite_Tc_EX1"/>
  <system-out>
running tc 2  </system-out>
</testsuite> <!-- TestNG_Disable_suites_methods.TestNG_disable_Testsuite_Tc_EX1 -->
