<?xml version="1.0" encoding="UTF-8"?>
<!-- Generated by org.testng.reporters.JUnitReportReporter -->
<testsuite hostname="DESKTOP-I6O1MLD" failures="0" tests="3" name="test_Ng_designing_test_class.Test_suite_Sample3" time="0.014" errors="0" timestamp="2024-08-29T16:55:00 IST" skipped="0">
  <testcase classname="test_Ng_designing_test_class.Test_suite_Sample3" name="TC9" time="0.007"/>
  <system-out>
    <![CDATA[----Running tc9-----]]>
  </system-out>
  <testcase classname="test_Ng_designing_test_class.Test_suite_Sample3" name="TC8" time="0.004"/>
  <system-out>
    <![CDATA[----Running tc8-----]]>
  </system-out>
  <testcase classname="test_Ng_designing_test_class.Test_suite_Sample3" name="TC7" time="0.003"/>
  <system-out>
    <![CDATA[----Running tc7-----]]>
  </system-out>
</testsuite> <!-- test_Ng_designing_test_class.Test_suite_Sample3 -->
