<?xml version="1.0" encoding="UTF-8"?>
<!-- Generated by org.testng.reporters.JUnitReportReporter -->
<testsuite skipped="0" hostname="LAPTOP-U8CM5F9C" name="testNg_grouping_IN_testNg.TestNG_grouping__EX2" tests="2" failures="0" timestamp="2021-04-01T01:03:12 IST" time="0.008" errors="0">
  <testcase name="tC4" time="0.008" classname="testNg_grouping_IN_testNg.TestNG_grouping__EX2"/>
  <system-out>
running tc 4  </system-out>
  <testcase name="tC6" time="0.000" classname="testNg_grouping_IN_testNg.TestNG_grouping__EX2"/>
  <system-out>
running tc 6  </system-out>
</testsuite> <!-- testNg_grouping_IN_testNg.TestNG_grouping__EX2 -->
