<?xml version="1.0" encoding="UTF-8"?>
<!-- Generated by org.testng.reporters.JUnitReportReporter -->
<testsuite skipped="0" hostname="LAPTOP-U8CM5F9C" name="test_Ng_designing_test_class.java_Test_Ng_example" tests="3" failures="0" timestamp="2021-04-16T11:50:30 IST" time="0.055" errors="0">
  <testcase name="m1" time="0.047" classname="test_Ng_designing_test_class.java_Test_Ng_example"/>
  <system-out/>
  <testcase name="m2" time="0.004" classname="test_Ng_designing_test_class.java_Test_Ng_example"/>
  <system-out/>
  <testcase name="m3" time="0.004" classname="test_Ng_designing_test_class.java_Test_Ng_example"/>
  <system-out/>
</testsuite> <!-- test_Ng_designing_test_class.java_Test_Ng_example -->
