<?xml version="1.0" encoding="UTF-8"?>
<!-- Generated by org.testng.reporters.JUnitReportReporter -->
<testsuite skipped="0" hostname="LAPTOP-U8CM5F9C" name="test_Ng_designing_test_class.TestNg_anotation" tests="3" failures="0" timestamp="2021-03-28T11:57:36 IST" time="0.019" errors="0">
  <testcase name="verify_ProfNo2" time="0.005" classname="test_Ng_designing_test_class.TestNg_anotation"/>
  <system-out>
---verify profile no 2----  </system-out>
  <testcase name="verify_ProfNo1" time="0.003" classname="test_Ng_designing_test_class.TestNg_anotation"/>
  <system-out>
--verify profile no 1---  </system-out>
  <testcase name="logout_account" time="0.011" classname="test_Ng_designing_test_class.TestNg_anotation"/>
  <system-out>
--logout from appplication---  </system-out>
</testsuite> <!-- test_Ng_designing_test_class.TestNg_anotation -->
