<?xml version="1.0" encoding="UTF-8"?>
<!-- Generated by org.testng.reporters.JUnitReportReporter -->
<testsuite hostname="DESKTOP-I6O1MLD" failures="0" tests="2" name="test_Ng_suite_.TestNg_Test_Suite_Sample4" time="0.006" errors="0" timestamp="2024-08-29T16:55:00 IST" skipped="0">
  <testcase classname="test_Ng_suite_.TestNg_Test_Suite_Sample4" name="Tc11" time="0.004"/>
  <system-out>
    <![CDATA[----runnig tc 11----]]>
  </system-out>
  <testcase classname="test_Ng_suite_.TestNg_Test_Suite_Sample4" name="Tc10" time="0.002"/>
  <system-out>
    <![CDATA[----runnig tc 10----]]>
  </system-out>
</testsuite> <!-- test_Ng_suite_.TestNg_Test_Suite_Sample4 -->
