<?xml version="1.0" encoding="UTF-8"?>
<!-- Generated by org.testng.reporters.JUnitReportReporter -->
<testsuite hostname="DESKTOP-I6O1MLD" failures="0" tests="3" name="test_Ng_designing_test_class.Test_suite_Sample2" time="0.021" errors="0" timestamp="2024-08-29T16:55:00 IST" skipped="0">
  <testcase classname="test_Ng_designing_test_class.Test_suite_Sample2" name="TC6" time="0.011"/>
  <system-out>
    <![CDATA[----Running tc6-----]]>
  </system-out>
  <testcase classname="test_Ng_designing_test_class.Test_suite_Sample2" name="TC5" time="0.004"/>
  <system-out>
    <![CDATA[----Running tc5-----]]>
  </system-out>
  <testcase classname="test_Ng_designing_test_class.Test_suite_Sample2" name="TC4" time="0.006"/>
  <system-out>
    <![CDATA[----Running tc4-----]]>
  </system-out>
</testsuite> <!-- test_Ng_designing_test_class.Test_suite_Sample2 -->
