<?xml version="1.0" encoding="UTF-8"?>
<!-- Generated by org.testng.reporters.JUnitReportReporter -->
<testsuite hostname="DESKTOP-I6O1MLD" failures="0" tests="3" name="pom_datadriven_framework_Kite.java_Test_Ng_example" time="0.045" errors="0" timestamp="2024-09-02T16:06:26 IST" skipped="0">
  <testcase classname="pom_datadriven_framework_Kite.java_Test_Ng_example" name="m1" time="0.028"/>
  <system-out/>
  <testcase classname="pom_datadriven_framework_Kite.java_Test_Ng_example" name="m3" time="0.006"/>
  <system-out/>
  <testcase classname="pom_datadriven_framework_Kite.java_Test_Ng_example" name="m2" time="0.011"/>
  <system-out/>
</testsuite> <!-- pom_datadriven_framework_Kite.java_Test_Ng_example -->
