<?xml version="1.0" encoding="UTF-8"?>
<!-- Generated by org.testng.reporters.JUnitReportReporter -->
<testsuite skipped="0" hostname="LAPTOP-U8CM5F9C" name="TestNG_Disable_suites_methods.TestNG_disable_Testsuite_Tc_EX2" tests="2" failures="0" timestamp="2021-03-31T23:58:26 IST" time="0.002" errors="0">
  <testcase name="tC6" time="0.002" classname="TestNG_Disable_suites_methods.TestNG_disable_Testsuite_Tc_EX2"/>
  <system-out>
running tc 6  </system-out>
  <testcase name="tC5" time="0.000" classname="TestNG_Disable_suites_methods.TestNG_disable_Testsuite_Tc_EX2"/>
  <system-out>
running tc 5  </system-out>
</testsuite> <!-- TestNG_Disable_suites_methods.TestNG_disable_Testsuite_Tc_EX2 -->
