<?xml version="1.0" encoding="UTF-8"?>
<!-- Generated by org.testng.reporters.JUnitReportReporter -->
<testsuite hostname="DESKTOP-I6O1MLD" failures="0" tests="3" name="test_Ng_designing_test_class.Test_suite_Sample1" time="0.042" errors="0" timestamp="2024-08-29T16:55:00 IST" skipped="0">
  <testcase classname="test_Ng_designing_test_class.Test_suite_Sample1" name="TC3" time="0.030"/>
  <system-out>
    <![CDATA[----Running tc3-----]]>
  </system-out>
  <testcase classname="test_Ng_designing_test_class.Test_suite_Sample1" name="TC2" time="0.007"/>
  <system-out>
    <![CDATA[----Running tc2-----]]>
  </system-out>
  <testcase classname="test_Ng_designing_test_class.Test_suite_Sample1" name="TC1" time="0.005"/>
  <system-out>
    <![CDATA[----Running tc1-----]]>
  </system-out>
</testsuite> <!-- test_Ng_designing_test_class.Test_suite_Sample1 -->
