<?xml version="1.0" encoding="UTF-8"?>
<!-- Generated by org.testng.reporters.JUnitReportReporter -->
<testsuite skipped="0" hostname="LAPTOP-U8CM5F9C" name="testNg_grouping_IN_testNg.TestNG_Grouping_EX3" tests="2" failures="0" timestamp="2021-04-01T01:02:09 IST" time="0.009" errors="0">
  <testcase name="tC9" time="0.000" classname="testNg_grouping_IN_testNg.TestNG_Grouping_EX3"/>
  <system-out>
running tc 9  </system-out>
  <testcase name="tC7" time="0.009" classname="testNg_grouping_IN_testNg.TestNG_Grouping_EX3"/>
  <system-out>
running tc 7  </system-out>
</testsuite> <!-- testNg_grouping_IN_testNg.TestNG_Grouping_EX3 -->
